c:\users\matt\documents\visual studio 2013\projects\gravity pong\gravity pong\debug\vc120.pdb
c:\users\matt\documents\visual studio 2013\projects\gravity pong\gravity pong\debug\vc120.idb
c:\users\matt\documents\visual studio 2013\projects\gravity pong\gravity pong\debug\ballobject.nativecodeanalysis.xml
c:\users\matt\documents\visual studio 2013\projects\gravity pong\gravity pong\debug\game.nativecodeanalysis.xml
c:\users\matt\documents\visual studio 2013\projects\gravity pong\gravity pong\debug\gameball.nativecodeanalysis.xml
c:\users\matt\documents\visual studio 2013\projects\gravity pong\gravity pong\debug\gameobject.nativecodeanalysis.xml
c:\users\matt\documents\visual studio 2013\projects\gravity pong\gravity pong\debug\gravityball.nativecodeanalysis.xml
c:\users\matt\documents\visual studio 2013\projects\gravity pong\gravity pong\debug\gravitypong.nativecodeanalysis.xml
c:\users\matt\documents\visual studio 2013\projects\gravity pong\gravity pong\debug\main.nativecodeanalysis.xml
c:\users\matt\documents\visual studio 2013\projects\gravity pong\gravity pong\debug\paddleobject.nativecodeanalysis.xml
c:\users\matt\documents\visual studio 2013\projects\gravity pong\gravity pong\debug\particlegenerator.nativecodeanalysis.xml
c:\users\matt\documents\visual studio 2013\projects\gravity pong\gravity pong\debug\postprocessor.nativecodeanalysis.xml
c:\users\matt\documents\visual studio 2013\projects\gravity pong\gravity pong\debug\resourcemanager.nativecodeanalysis.xml
c:\users\matt\documents\visual studio 2013\projects\gravity pong\gravity pong\debug\shader.nativecodeanalysis.xml
c:\users\matt\documents\visual studio 2013\projects\gravity pong\gravity pong\debug\spriterenderer.nativecodeanalysis.xml
c:\users\matt\documents\visual studio 2013\projects\gravity pong\gravity pong\debug\textrenderer.nativecodeanalysis.xml
c:\users\matt\documents\visual studio 2013\projects\gravity pong\gravity pong\debug\texture.nativecodeanalysis.xml
c:\users\matt\documents\visual studio 2013\projects\gravity pong\gravity pong\debug\texture.obj
c:\users\matt\documents\visual studio 2013\projects\gravity pong\gravity pong\debug\textrenderer.obj
c:\users\matt\documents\visual studio 2013\projects\gravity pong\gravity pong\debug\spriterenderer.obj
c:\users\matt\documents\visual studio 2013\projects\gravity pong\gravity pong\debug\shader.obj
c:\users\matt\documents\visual studio 2013\projects\gravity pong\gravity pong\debug\resourcemanager.obj
c:\users\matt\documents\visual studio 2013\projects\gravity pong\gravity pong\debug\postprocessor.obj
c:\users\matt\documents\visual studio 2013\projects\gravity pong\gravity pong\debug\particlegenerator.obj
c:\users\matt\documents\visual studio 2013\projects\gravity pong\gravity pong\debug\paddleobject.obj
c:\users\matt\documents\visual studio 2013\projects\gravity pong\gravity pong\debug\main.obj
c:\users\matt\documents\visual studio 2013\projects\gravity pong\gravity pong\debug\gravitypong.obj
c:\users\matt\documents\visual studio 2013\projects\gravity pong\gravity pong\debug\gravityball.obj
c:\users\matt\documents\visual studio 2013\projects\gravity pong\gravity pong\debug\gameobject.obj
c:\users\matt\documents\visual studio 2013\projects\gravity pong\gravity pong\debug\gameball.obj
c:\users\matt\documents\visual studio 2013\projects\gravity pong\gravity pong\debug\game.obj
c:\users\matt\documents\visual studio 2013\projects\gravity pong\gravity pong\debug\ballobject.obj
c:\users\matt\documents\visual studio 2013\projects\gravity pong\debug\gravity pong.ilk
c:\users\matt\documents\visual studio 2013\projects\gravity pong\debug\gravity pong.exe
c:\users\matt\documents\visual studio 2013\projects\gravity pong\debug\gravity pong.pdb
c:\users\matt\documents\visual studio 2013\projects\gravity pong\gravity pong\debug\nativecodeanalysis.read.1.tlog
c:\users\matt\documents\visual studio 2013\projects\gravity pong\gravity pong\debug\vc.nativecodeanalysis.all.xml
c:\users\matt\documents\visual studio 2013\projects\gravity pong\debug\gravity pong.exe.lastcodeanalysissucceeded
c:\users\matt\documents\visual studio 2013\projects\gravity pong\gravity pong\debug\gravity pong.tlog\cl.command.1.tlog
c:\users\matt\documents\visual studio 2013\projects\gravity pong\gravity pong\debug\gravity pong.tlog\cl.read.1.tlog
c:\users\matt\documents\visual studio 2013\projects\gravity pong\gravity pong\debug\gravity pong.tlog\cl.write.1.tlog
c:\users\matt\documents\visual studio 2013\projects\gravity pong\gravity pong\debug\gravity pong.tlog\link.command.1.tlog
c:\users\matt\documents\visual studio 2013\projects\gravity pong\gravity pong\debug\gravity pong.tlog\link.read.1.tlog
c:\users\matt\documents\visual studio 2013\projects\gravity pong\gravity pong\debug\gravity pong.tlog\link.write.1.tlog
